SF:lib\domain\project.dart
DA:8,3
LF:1
LH:1
end_of_record
SF:lib\features\home\controllers\projects_controller.dart
DA:40,0
DA:42,0
DA:43,0
DA:50,1
DA:54,1
DA:58,1
DA:60,2
DA:61,4
DA:62,3
DA:63,4
DA:64,1
DA:65,1
DA:70,1
DA:71,2
DA:72,1
DA:75,1
DA:76,1
DA:77,2
DA:78,2
DA:81,0
DA:82,0
DA:84,0
DA:88,0
DA:89,0
DA:91,0
DA:95,0
DA:96,0
DA:98,0
DA:99,0
DA:103,0
DA:104,0
DA:105,0
DA:108,0
LF:33
LH:16
end_of_record
SF:lib\features\home\controllers\projects_controller.g.dart
DA:14,0
DA:16,0
DA:18,0
DA:23,0
DA:25,0
DA:26,0
DA:29,0
DA:31,0
DA:32,0
DA:36,1
DA:37,2
DA:39,1
DA:41,2
DA:42,1
DA:45,1
DA:47,4
DA:48,1
DA:52,1
DA:53,2
DA:55,1
DA:57,2
DA:58,1
DA:61,0
DA:63,0
DA:64,0
DA:68,1
DA:69,2
DA:71,1
DA:73,2
DA:74,1
DA:77,0
DA:79,0
DA:80,0
DA:84,1
DA:85,2
DA:87,1
DA:89,1
DA:90,3
DA:93,1
DA:94,2
DA:96,1
DA:98,2
DA:101,1
DA:103,2
DA:107,0
DA:110,0
DA:111,0
DA:112,0
DA:113,0
DA:114,0
DA:115,0
LF:51
LH:29
end_of_record
SF:lib\common\custom_button.dart
DA:8,3
DA:14,3
DA:16,3
DA:18,3
DA:19,6
DA:20,3
DA:21,3
DA:25,3
DA:27,3
DA:28,6
DA:30,6
LF:11
LH:11
end_of_record
SF:lib\features\home\pages\home_page.dart
DA:12,1
DA:17,1
DA:19,2
DA:20,1
DA:21,1
DA:22,1
DA:23,3
DA:25,1
DA:26,1
DA:27,1
DA:29,1
DA:30,2
DA:31,1
DA:32,2
DA:34,3
DA:35,0
DA:36,0
DA:38,0
DA:41,0
DA:42,0
DA:44,3
DA:47,1
DA:48,2
DA:50,3
DA:52,0
DA:53,0
DA:54,3
DA:56,1
DA:57,2
DA:58,3
DA:60,0
DA:61,0
DA:62,3
LF:33
LH:24
end_of_record
SF:lib\features\home\widgets\cloud_projects_list.dart
DA:12,2
DA:21,2
DA:23,2
DA:25,2
DA:26,2
DA:27,2
DA:29,2
DA:30,2
DA:31,2
DA:32,2
DA:33,2
DA:38,6
DA:39,1
DA:41,1
DA:43,2
DA:44,1
DA:45,1
DA:46,2
LF:18
LH:18
end_of_record
SF:lib\common\monitor\controllers\monitor_controller.g.dart
DA:14,0
DA:16,0
DA:18,0
DA:23,0
DA:25,0
DA:26,0
DA:29,0
DA:31,0
DA:32,0
DA:39,0
DA:41,0
DA:42,0
DA:45,0
DA:47,0
DA:48,0
DA:52,0
DA:55,0
DA:56,0
DA:57,0
DA:58,0
LF:20
LH:0
end_of_record
SF:lib\common\monitor\controllers\monitor_controller.dart
DA:23,0
DA:26,0
DA:27,0
DA:28,0
DA:31,0
DA:32,0
DA:33,0
DA:34,0
DA:36,0
DA:39,0
DA:41,0
DA:45,0
DA:47,0
DA:48,0
DA:51,0
DA:52,0
DA:53,0
DA:54,0
DA:55,0
DA:56,0
LF:20
LH:0
end_of_record
SF:lib\features\create\utils\create_message.dart
DA:8,0
DA:10,0
DA:11,0
DA:12,0
DA:13,0
DA:14,0
DA:15,0
DA:16,0
DA:17,0
DA:19,0
LF:10
LH:0
end_of_record
SF:lib\common\monitor\pages\monitor_dialog.dart
DA:13,0
DA:15,0
DA:17,0
DA:18,0
DA:19,0
DA:20,0
DA:21,0
DA:22,0
DA:25,0
DA:26,0
DA:28,0
DA:29,0
DA:30,0
DA:31,0
DA:32,0
DA:34,0
DA:35,0
DA:36,0
DA:40,0
DA:41,0
DA:46,0
DA:49,0
DA:51,0
DA:52,0
DA:54,0
DA:55,0
DA:56,0
DA:57,0
DA:58,0
DA:59,0
DA:60,0
DA:71,0
DA:72,0
DA:73,0
DA:74,0
DA:75,0
DA:76,0
DA:77,0
DA:78,0
DA:79,0
DA:80,0
DA:81,0
DA:83,0
DA:84,0
DA:87,0
DA:89,0
DA:96,0
DA:97,0
DA:98,0
DA:100,0
DA:102,0
DA:104,0
DA:105,0
DA:106,0
DA:109,0
LF:55
LH:0
end_of_record
SF:lib\common\monitor\pages\user_interaction_dialog.dart
DA:12,0
DA:14,0
DA:15,0
DA:24,0
DA:26,0
DA:27,0
DA:30,0
DA:32,0
DA:33,0
DA:35,0
DA:36,0
DA:37,0
DA:38,0
DA:48,0
DA:49,0
DA:53,0
DA:54,0
DA:55,0
DA:56,0
DA:57,0
DA:58,0
DA:60,0
DA:61,0
DA:62,0
DA:74,0
DA:75,0
DA:76,0
DA:79,0
DA:80,0
DA:81,0
DA:82,0
DA:86,0
DA:89,0
DA:90,0
DA:91,0
DA:92,0
DA:93,0
DA:94,0
DA:96,0
LF:39
LH:0
end_of_record
SF:lib\features\create\controllers\create_controller.g.dart
DA:14,0
DA:15,0
DA:16,0
DA:18,0
DA:21,0
DA:22,0
DA:23,0
DA:25,0
DA:28,0
DA:29,0
DA:31,0
DA:36,0
DA:38,0
DA:39,0
DA:42,0
DA:44,0
DA:45,0
DA:52,0
DA:54,0
DA:55,0
DA:58,0
DA:60,0
DA:61,0
DA:68,0
DA:70,0
DA:71,0
DA:74,0
DA:76,0
DA:77,0
DA:84,0
DA:86,0
DA:87,0
DA:90,0
DA:92,0
DA:93,0
DA:100,0
DA:102,0
DA:103,0
DA:106,0
DA:108,0
DA:109,0
DA:116,0
DA:118,0
DA:119,0
DA:122,0
DA:124,0
DA:125,0
DA:132,0
DA:134,0
DA:137,0
DA:139,0
DA:143,0
DA:145,0
DA:148,0
DA:150,0
DA:154,0
DA:156,0
DA:159,0
DA:161,0
DA:165,0
DA:167,0
DA:170,0
DA:172,0
DA:176,0
DA:179,0
DA:180,0
DA:181,0
DA:182,0
DA:183,0
DA:184,0
DA:185,0
DA:186,0
DA:187,0
DA:188,0
LF:74
LH:0
end_of_record
SF:lib\features\create\controllers\create_controller.dart
DA:19,0
DA:21,0
DA:22,0
DA:23,0
DA:24,0
DA:25,0
DA:26,0
DA:27,0
DA:51,0
DA:53,0
DA:55,0
DA:57,0
DA:58,0
DA:61,0
DA:63,0
DA:64,0
DA:67,0
DA:68,0
DA:69,0
DA:70,0
DA:71,0
DA:72,0
DA:73,0
DA:74,0
DA:77,0
DA:79,0
DA:80,0
DA:83,0
DA:85,0
DA:86,0
DA:89,0
DA:91,0
DA:92,0
DA:93,0
DA:94,0
DA:95,0
DA:96,0
DA:97,0
DA:98,0
DA:99,0
DA:100,0
LF:41
LH:0
end_of_record
SF:lib\features\create\utils\cloud_providers_comb.dart
DA:5,0
DA:6,0
DA:11,0
DA:12,0
LF:4
LH:0
end_of_record
SF:lib\features\create\utils\languages_versions.dart
DA:4,0
DA:10,0
DA:18,0
DA:19,0
DA:28,0
DA:29,0
DA:30,0
DA:31,0
DA:32,0
DA:33,0
LF:10
LH:0
end_of_record
SF:lib\features\create\controllers\project_form_controllers\aws_form_controller.g.dart
DA:14,0
DA:15,0
DA:17,0
DA:22,0
DA:24,0
DA:27,0
DA:29,0
DA:33,0
DA:36,0
DA:37,0
LF:10
LH:0
end_of_record
SF:lib\features\create\controllers\project_form_controllers\aws_form_controller.dart
DA:16,0
DA:25,0
DA:28,0
DA:32,0
LF:4
LH:0
end_of_record
SF:lib\features\create\controllers\project_form_controllers\azure_form_controller.dart
DA:16,0
DA:25,0
DA:28,0
DA:32,0
LF:4
LH:0
end_of_record
SF:lib\features\create\controllers\project_form_controllers\azure_form_controller.g.dart
DA:14,0
DA:15,0
DA:17,0
DA:22,0
DA:24,0
DA:27,0
DA:29,0
DA:33,0
DA:36,0
DA:37,0
LF:10
LH:0
end_of_record
SF:lib\features\create\controllers\project_form_controllers\google_form_controller.g.dart
DA:14,0
DA:15,0
DA:17,0
DA:22,0
DA:24,0
DA:25,0
DA:28,0
DA:30,0
DA:31,0
DA:38,0
DA:40,0
DA:41,0
DA:44,0
DA:46,0
DA:47,0
DA:54,0
DA:56,0
DA:57,0
DA:60,0
DA:62,0
DA:63,0
DA:70,0
DA:72,0
DA:75,0
DA:77,0
DA:81,0
DA:84,0
DA:85,0
DA:86,0
DA:87,0
DA:88,0
LF:31
LH:0
end_of_record
SF:lib\features\create\controllers\project_form_controllers\google_form_controller.dart
DA:27,0
DA:36,0
DA:37,0
DA:38,0
DA:43,0
DA:48,0
DA:51,0
DA:53,0
DA:56,0
DA:57,0
DA:58,0
LF:11
LH:0
end_of_record
SF:lib\features\create\pages\create_dialog.dart
DA:12,0
DA:14,0
DA:16,0
DA:17,0
DA:18,0
DA:20,0
DA:22,0
DA:23,0
DA:24,0
DA:27,0
DA:29,0
DA:31,0
DA:33,0
DA:35,0
DA:39,0
DA:40,0
DA:41,0
DA:42,0
DA:44,0
DA:46,0
DA:47,0
DA:48,0
DA:49,0
DA:52,0
DA:57,0
DA:58,0
DA:61,0
DA:62,0
DA:63,0
LF:29
LH:0
end_of_record
SF:lib\features\create\widgets\backend_form.dart
DA:13,0
DA:15,0
DA:17,0
DA:19,0
DA:21,0
DA:22,0
DA:24,0
DA:25,0
DA:26,0
DA:27,0
DA:28,0
DA:29,0
DA:30,0
DA:31,0
DA:35,0
DA:36,0
DA:37,0
DA:38,0
DA:39,0
DA:40,0
DA:41,0
DA:42,0
DA:43,0
DA:44,0
LF:24
LH:0
end_of_record
SF:lib\features\create\widgets\dropdown_field.dart
DA:8,0
DA:14,0
DA:16,0
DA:18,0
DA:19,0
DA:21,0
DA:23,0
DA:24,0
DA:26,0
DA:27,0
DA:29,0
DA:31,0
LF:12
LH:0
end_of_record
SF:lib\features\create\widgets\cloud_selector.dart
DA:14,0
DA:16,0
DA:18,0
DA:20,0
DA:21,0
DA:23,0
DA:24,0
DA:25,0
DA:26,0
DA:27,0
DA:28,0
DA:29,0
DA:30,0
DA:31,0
DA:32,0
DA:33,0
DA:41,0
DA:44,0
DA:45,0
DA:46,0
DA:47,0
DA:48,0
DA:49,0
DA:50,0
DA:51,0
DA:52,0
DA:59,0
DA:62,0
DA:63,0
DA:64,0
DA:65,0
DA:66,0
DA:67,0
DA:68,0
DA:69,0
DA:70,0
DA:77,0
LF:37
LH:0
end_of_record
SF:lib\features\create\widgets\frontend_form.dart
DA:12,0
DA:14,0
DA:16,0
DA:18,0
DA:20,0
DA:21,0
DA:23,0
DA:24,0
DA:25,0
DA:26,0
DA:27,0
DA:28,0
DA:29,0
DA:30,0
DA:34,0
DA:35,0
DA:36,0
DA:37,0
DA:38,0
DA:39,0
DA:40,0
DA:41,0
DA:42,0
DA:43,0
LF:24
LH:0
end_of_record
SF:lib\features\create\widgets\project_form.dart
DA:10,0
DA:12,0
DA:14,0
DA:15,0
DA:16,0
DA:17,0
DA:18,0
DA:19,0
DA:20,0
DA:21,0
LF:10
LH:0
end_of_record
SF:lib\features\create\widgets\project_forms\aws_form.dart
DA:7,0
DA:9,0
DA:11,0
LF:3
LH:0
end_of_record
SF:lib\features\create\widgets\project_forms\azure_form.dart
DA:7,0
DA:9,0
DA:11,0
LF:3
LH:0
end_of_record
SF:lib\features\create\widgets\project_forms\google_form.dart
DA:9,0
DA:11,0
DA:13,0
DA:15,0
DA:17,0
DA:18,0
DA:20,0
DA:21,0
DA:22,0
DA:23,0
DA:24,0
DA:25,0
DA:27,0
DA:28,0
DA:29,0
DA:31,0
DA:36,0
DA:37,0
DA:38,0
DA:39,0
DA:41,0
DA:42,0
DA:43,0
DA:45,0
DA:52,0
DA:53,0
DA:54,0
DA:55,0
DA:56,0
DA:57,0
DA:59,0
DA:60,0
DA:61,0
DA:63,0
DA:68,0
LF:35
LH:0
end_of_record
SF:lib\features\create\widgets\repo_selector.dart
DA:14,0
DA:16,0
DA:18,0
DA:20,0
DA:21,0
DA:23,0
DA:24,0
DA:25,0
DA:26,0
DA:27,0
DA:28,0
DA:29,0
DA:30,0
DA:31,0
DA:32,0
DA:34,0
DA:35,0
DA:36,0
DA:43,0
DA:45,0
DA:48,0
DA:49,0
DA:50,0
DA:51,0
DA:52,0
DA:53,0
DA:54,0
DA:55,0
DA:56,0
DA:58,0
DA:59,0
DA:66,0
DA:67,0
DA:70,0
DA:71,0
DA:72,0
DA:73,0
DA:74,0
DA:75,0
DA:76,0
DA:77,0
DA:78,0
DA:79,0
DA:80,0
DA:87,0
DA:89,0
LF:46
LH:0
end_of_record
SF:lib\features\home\widgets\floating_action_menu.dart
DA:13,2
DA:15,2
DA:17,2
DA:19,2
DA:21,2
DA:22,2
DA:23,4
DA:25,4
DA:26,0
DA:28,0
DA:29,0
DA:30,0
DA:39,2
DA:40,4
DA:42,4
DA:43,0
DA:45,0
DA:46,0
LF:18
LH:11
end_of_record
SF:lib\features\home\widgets\google_login_dialog.dart
DA:13,1
DA:15,1
DA:17,1
DA:18,2
DA:20,1
DA:23,2
DA:24,1
DA:27,1
DA:28,1
DA:35,1
DA:40,1
DA:41,1
DA:49,1
DA:50,2
DA:51,1
DA:52,1
DA:53,1
DA:57,1
DA:58,0
DA:59,0
DA:63,1
DA:64,1
DA:67,0
DA:68,0
DA:69,0
DA:78,1
DA:79,1
DA:80,3
DA:81,1
DA:82,1
DA:83,2
DA:84,2
DA:85,2
DA:86,2
DA:87,1
DA:89,2
DA:99,2
LF:37
LH:32
end_of_record
SF:lib\features\home\widgets\auto_closing_dialog.dart
DA:11,2
DA:17,2
DA:18,2
DA:23,2
DA:25,4
DA:26,2
DA:29,2
DA:31,4
DA:33,0
DA:38,4
DA:39,2
DA:40,1
DA:41,1
DA:43,2
DA:44,1
DA:45,1
DA:47,2
DA:48,2
DA:49,2
DA:52,2
DA:54,6
DA:55,6
DA:56,2
DA:57,2
DA:58,2
DA:61,1
DA:62,2
DA:63,2
LF:28
LH:27
end_of_record
SF:lib\features\home\widgets\cloud_project_item.dart
DA:9,2
DA:12,2
DA:16,2
DA:18,2
DA:20,2
DA:23,2
DA:25,2
DA:26,2
DA:27,8
DA:29,0
DA:30,0
DA:31,0
LF:12
LH:9
end_of_record
SF:lib\features\home\widgets\cloud_provider_header.dart
DA:5,3
DA:11,3
DA:18,3
DA:20,3
DA:21,3
DA:22,3
DA:23,3
DA:24,6
DA:25,6
DA:26,2
DA:29,3
DA:31,3
DA:34,3
DA:38,3
DA:39,3
DA:40,11
LF:16
LH:16
end_of_record
SF:lib\features\quickstart\controllers\quickstart_controller.dart
DA:26,0
DA:27,0
DA:29,0
DA:30,0
DA:31,0
DA:32,0
DA:33,0
DA:34,0
DA:37,0
DA:39,0
DA:40,0
LF:11
LH:0
end_of_record
SF:lib\features\quickstart\controllers\quickstart_controller.g.dart
DA:14,0
DA:16,0
DA:18,0
DA:23,0
DA:25,0
DA:26,0
DA:29,0
DA:31,0
DA:32,0
DA:39,0
DA:41,0
DA:42,0
DA:45,0
DA:47,0
DA:48,0
DA:55,0
DA:57,0
DA:58,0
DA:61,0
DA:63,0
DA:64,0
DA:71,0
DA:73,0
DA:76,0
DA:78,0
DA:82,0
DA:85,0
DA:86,0
DA:87,0
DA:88,0
DA:89,0
LF:31
LH:0
end_of_record
SF:lib\features\quickstart\pages\quickstart_dialog.dart
DA:7,7
DA:9,0
DA:11,0
DA:12,0
DA:13,0
DA:15,0
DA:17,0
DA:18,0
DA:20,0
DA:21,0
DA:30,0
DA:42,0
LF:12
LH:1
end_of_record
SF:lib\features\quickstart\widgets\quickstart_card.dart
DA:16,0
DA:22,0
DA:24,0
DA:25,0
DA:26,0
DA:27,0
DA:30,0
DA:31,0
DA:36,0
DA:38,0
DA:39,0
DA:40,0
DA:43,0
DA:44,0
DA:46,0
DA:48,0
DA:51,0
DA:52,0
DA:55,0
DA:57,0
DA:60,0
DA:68,0
DA:69,0
DA:70,0
DA:71,0
LF:25
LH:0
end_of_record
SF:lib\features\quickstart\widgets\quickstart_form.dart
DA:11,0
DA:13,0
DA:15,0
DA:16,0
DA:17,0
DA:18,0
DA:19,0
DA:20,0
LF:8
LH:0
end_of_record
SF:lib\features\quickstart\widgets\viplane_form.dart
DA:9,0
DA:11,0
LF:2
LH:0
end_of_record
SF:lib\features\quickstart\widgets\wayat_form.dart
DA:11,0
DA:13,0
DA:15,0
DA:16,0
DA:17,0
DA:18,0
DA:19,0
DA:20,0
DA:21,0
DA:22,0
DA:25,0
DA:28,0
DA:33,0
DA:34,0
DA:35,0
DA:36,0
DA:39,0
DA:42,0
DA:49,0
DA:51,0
DA:52,0
DA:53,0
DA:54,0
DA:55,0
DA:56,0
DA:57,0
DA:58,0
DA:61,0
LF:28
LH:0
end_of_record
SF:lib\mocks\mock_projects.dart
DA:5,6
DA:6,2
DA:7,2
DA:8,2
DA:9,2
DA:10,2
DA:13,0
DA:14,0
DA:15,0
DA:16,0
DA:17,0
DA:18,0
DA:19,0
DA:20,0
DA:21,0
DA:22,0
DA:23,0
DA:24,0
DA:25,0
DA:28,0
DA:29,0
DA:30,0
DA:31,0
DA:32,0
DA:33,0
DA:34,0
DA:35,0
DA:36,0
LF:28
LH:6
end_of_record
