SF:lib\app_state\location_state\receive_location\receive_location_state.dart
DA:16,1
DA:18,1
LF:2
LH:2
end_of_record
SF:lib\app_state\location_state\share_location\share_location_state.dart
DA:42,1
DA:43,2
DA:48,1
DA:51,0
DA:53,1
DA:54,4
DA:56,2
DA:57,1
DA:58,1
DA:59,1
DA:62,2
DA:63,1
DA:64,3
DA:68,1
DA:70,1
DA:71,2
DA:75,1
DA:77,1
DA:81,1
DA:83,1
DA:84,3
LF:21
LH:20
end_of_record
SF:lib\app_state\location_state\location_listener.dart
DA:29,1
DA:30,3
DA:34,1
DA:35,3
DA:40,1
DA:45,0
DA:46,1
DA:47,1
DA:54,1
DA:55,2
DA:56,1
DA:57,1
LF:12
LH:11
end_of_record
SF:lib\app_state\user_session\session_state.dart
DA:51,1
DA:52,0
DA:56,1
DA:58,1
DA:59,1
DA:68,1
DA:69,1
DA:70,1
DA:71,2
DA:73,1
DA:79,1
DA:81,2
DA:82,1
DA:87,1
DA:89,1
DA:95,1
DA:97,3
DA:101,1
DA:103,3
DA:110,1
DA:112,2
DA:113,2
DA:122,1
DA:124,2
DA:125,2
DA:131,1
DA:132,1
DA:133,1
DA:134,3
DA:135,1
DA:142,1
DA:143,1
DA:144,1
DA:145,3
DA:150,1
DA:151,2
DA:153,1
DA:161,1
DA:162,2
DA:163,1
DA:164,1
DA:165,1
DA:166,1
DA:168,2
DA:169,1
DA:174,1
DA:175,2
DA:180,1
DA:181,4
LF:49
LH:48
end_of_record
SF:lib\domain\location\contact_location.dart
DA:17,2
DA:19,4
DA:20,6
DA:21,6
DA:22,6
DA:23,4
DA:25,5
DA:38,1
DA:51,1
DA:52,1
DA:53,1
DA:54,1
DA:55,1
DA:56,1
DA:57,1
DA:58,1
DA:59,1
DA:60,1
DA:61,1
DA:64,2
DA:66,2
DA:67,4
DA:68,4
DA:69,2
DA:70,2
DA:71,2
DA:72,2
DA:77,1
DA:78,1
DA:79,1
DA:80,1
DA:81,1
DA:82,1
DA:83,1
DA:84,1
DA:85,1
DA:86,1
DA:87,1
DA:88,1
DA:91,4
DA:93,12
DA:94,12
DA:95,12
DA:96,4
LF:44
LH:44
end_of_record
SF:lib\domain\user\my_user.dart
DA:12,16
DA:22,2
DA:31,2
DA:32,1
DA:33,2
DA:34,2
DA:35,2
DA:36,2
DA:37,2
DA:38,2
DA:42,1
DA:44,1
DA:45,1
DA:46,1
DA:47,1
DA:48,1
DA:49,1
DA:50,1
DA:51,1
DA:55,1
DA:56,1
DA:57,1
DA:58,1
DA:59,1
DA:60,1
DA:61,1
DA:62,1
DA:63,1
DA:66,1
DA:67,2
DA:69,2
DA:72,4
DA:75,1
DA:77,4
LF:34
LH:34
end_of_record
SF:lib\services\share_location\share_location_service.dart
DA:11,0
LF:1
LH:0
end_of_record
SF:lib\services\location_listener\location_listener_service.dart
DA:21,1
DA:23,0
DA:24,0
DA:30,0
DA:33,0
DA:36,0
DA:37,0
DA:38,0
DA:41,0
DA:42,0
DA:43,0
DA:45,0
DA:47,0
DA:50,0
DA:51,0
DA:53,0
DA:55,0
DA:56,0
DA:57,0
DA:59,0
DA:60,0
DA:61,0
DA:62,0
DA:65,0
DA:70,1
DA:72,1
DA:78,1
DA:82,0
DA:83,1
DA:85,1
DA:86,1
DA:87,2
DA:88,5
DA:89,1
DA:90,1
DA:91,2
DA:93,1
DA:94,1
DA:95,1
DA:96,1
DA:97,1
DA:98,1
DA:99,1
DA:100,2
DA:101,2
DA:103,2
DA:105,1
DA:108,1
LF:48
LH:24
end_of_record
SF:lib\services\location_listener\firestore_model\firestore_data_model.dart
DA:21,1
DA:26,0
DA:27,0
DA:28,0
DA:29,0
DA:33,0
DA:34,0
DA:35,0
DA:36,0
DA:37,0
DA:38,0
DA:44,0
DA:46,0
DA:47,0
DA:49,0
DA:53,0
DA:54,0
DA:57,0
DA:58,0
LF:19
LH:1
end_of_record
SF:lib\services\share_location\share_location_service_factory.dart
DA:10,0
DA:14,0
LF:2
LH:0
end_of_record
SF:lib\app_state\lifecycle_state\lifecycle_state.dart
DA:29,1
DA:30,1
DA:33,1
DA:35,2
DA:37,1
DA:39,1
DA:40,4
DA:42,1
DA:43,1
DA:44,3
DA:47,1
DA:48,3
DA:52,1
DA:54,5
DA:56,2
DA:58,1
DA:59,1
DA:60,3
LF:18
LH:18
end_of_record
SF:lib\services\lifecycle\lifecycle_service.dart
DA:9,1
DA:10,1
DA:11,2
LF:3
LH:3
end_of_record
SF:lib\app_state\profile_state\profile_state.dart
DA:38,0
DA:39,0
DA:40,0
DA:41,0
DA:45,1
DA:47,1
DA:48,1
DA:50,1
DA:51,1
DA:53,1
DA:54,1
DA:56,1
DA:57,1
DA:59,1
DA:62,2
DA:63,1
DA:67,2
DA:69,2
DA:73,1
DA:75,3
DA:79,1
DA:80,2
DA:81,1
DA:85,2
DA:87,4
DA:88,8
DA:92,1
DA:94,2
DA:98,1
DA:100,1
DA:104,1
DA:106,1
DA:110,1
DA:112,1
DA:113,2
DA:114,1
LF:36
LH:32
end_of_record
SF:lib\lang\language.dart
DA:5,3
DA:7,2
DA:8,2
DA:9,2
DA:10,2
DA:11,2
DA:12,2
DA:13,2
DA:17,3
DA:20,18
DA:23,1
DA:24,7
LF:12
LH:12
end_of_record
SF:lib\services\profile\profile_service_impl.dart
DA:16,1
DA:18,1
DA:19,1
DA:21,2
DA:23,3
DA:30,1
DA:32,1
DA:33,2
DA:34,2
DA:35,1
DA:43,1
DA:45,2
LF:12
LH:12
end_of_record
SF:lib\lang\language_constants.dart
DA:6,0
DA:9,2
DA:10,2
DA:11,2
DA:12,2
DA:16,1
DA:17,1
DA:18,1
DA:19,1
DA:20,0
DA:22,1
DA:25,2
DA:28,2
DA:30,2
DA:32,1
DA:34,1
DA:36,1
LF:17
LH:15
end_of_record
SF:lib\services\authentication\gauth_service_impl.dart
DA:33,0
DA:35,0
DA:37,0
DA:38,0
DA:39,0
DA:40,0
DA:41,0
DA:44,0
DA:45,0
DA:53,0
DA:56,0
DA:58,0
DA:59,0
DA:60,0
DA:61,0
DA:63,0
DA:64,0
DA:66,0
DA:72,0
DA:75,0
DA:76,0
DA:82,0
DA:84,0
DA:85,0
DA:88,0
DA:90,0
DA:92,0
DA:93,0
DA:94,0
DA:95,0
DA:97,0
DA:98,0
DA:104,0
DA:106,0
DA:107,0
DA:108,0
DA:109,0
DA:110,0
DA:113,0
DA:114,0
DA:115,0
DA:116,0
DA:117,0
DA:118,0
DA:119,0
DA:122,0
DA:124,0
DA:125,0
DA:126,0
DA:127,0
DA:131,0
DA:133,0
DA:134,0
DA:135,0
DA:136,0
LF:55
LH:0
end_of_record
SF:lib\common\app_config\env_model.dart
DA:8,4
DA:9,1
DA:14,0
DA:15,0
DA:19,0
DA:20,0
DA:24,0
DA:25,0
DA:29,0
DA:30,0
DA:34,4
DA:35,1
DA:39,0
DA:40,0
DA:43,4
DA:44,1
DA:47,0
DA:48,0
DA:51,0
DA:52,0
DA:55,0
DA:56,0
DA:60,8
DA:61,2
DA:64,0
DA:65,0
DA:69,4
DA:70,1
DA:73,0
DA:74,0
DA:77,0
DA:78,0
DA:81,0
DA:82,0
DA:85,0
DA:86,0
DA:91,0
DA:92,0
DA:98,0
DA:99,0
LF:40
LH:10
end_of_record
SF:lib\domain\contact\contact.dart
DA:11,26
DA:20,1
DA:29,1
DA:30,1
DA:31,1
DA:32,1
DA:33,1
DA:34,1
DA:35,1
DA:39,5
DA:41,5
DA:42,10
DA:46,6
DA:47,6
DA:48,6
DA:49,6
DA:50,6
DA:51,6
DA:52,6
DA:53,6
DA:56,1
DA:57,2
DA:59,1
DA:60,2
DA:62,2
DA:64,14
DA:67,21
DA:70,21
DA:73,7
DA:75,28
LF:30
LH:30
end_of_record
SF:lib\domain\user\user.dart
DA:21,39
DA:29,1
DA:36,1
DA:37,1
DA:38,1
DA:39,1
DA:40,1
DA:41,1
DA:45,6
DA:46,6
DA:47,6
DA:48,6
DA:49,6
DA:50,6
DA:51,6
DA:55,1
DA:56,1
DA:57,1
DA:58,1
DA:59,1
DA:60,1
DA:61,1
DA:65,6
DA:67,1
DA:68,2
DA:70,1
DA:72,6
DA:75,2
DA:79,6
DA:80,6
DA:81,6
DA:82,6
DA:83,6
DA:86,9
DA:88,27
DA:89,27
DA:90,27
DA:91,27
DA:92,18
LF:39
LH:39
end_of_record
SF:lib\features\contacts\controller\contacts_page_controller.dart
DA:51,1
DA:55,0
DA:56,1
DA:57,0
DA:58,1
DA:59,0
DA:60,0
DA:61,0
DA:68,1
DA:70,1
DA:75,1
DA:77,2
DA:78,2
DA:79,2
DA:84,1
DA:86,1
DA:87,5
DA:88,1
DA:89,2
DA:90,2
DA:93,1
DA:94,5
DA:95,1
DA:96,2
DA:97,2
DA:100,1
DA:101,5
DA:102,1
DA:103,2
DA:104,2
LF:30
LH:25
end_of_record
SF:lib\features\contacts\controller\friends_controller\friends_controller.dart
DA:28,2
DA:29,0
DA:32,1
DA:34,2
DA:35,2
DA:36,2
DA:37,3
DA:38,2
DA:39,5
DA:40,1
DA:46,1
DA:48,1
DA:49,3
DA:50,2
DA:51,5
DA:52,1
DA:56,1
DA:58,2
DA:59,2
DA:60,2
LF:20
LH:19
end_of_record
SF:lib\features\contacts\controller\requests_controller\requests_controller.dart
DA:29,3
DA:31,0
DA:49,1
DA:51,2
DA:53,1
DA:54,2
DA:55,3
DA:56,3
DA:57,2
DA:58,5
DA:59,1
DA:61,1
DA:62,2
DA:63,3
DA:68,1
DA:70,2
DA:71,2
DA:75,1
DA:77,2
DA:78,2
DA:79,2
DA:83,1
DA:85,2
DA:86,2
DA:87,2
DA:88,2
DA:93,1
DA:95,2
DA:96,2
DA:100,1
DA:102,1
DA:103,3
DA:104,2
DA:105,5
DA:106,1
LF:35
LH:34
end_of_record
SF:lib\features\contacts\controller\suggestions_controller\suggestions_controller.dart
DA:35,2
DA:39,0
DA:52,1
DA:54,2
DA:55,2
DA:56,2
DA:60,1
DA:64,0
DA:66,1
DA:67,3
DA:68,2
DA:70,2
DA:71,2
DA:72,3
DA:73,3
DA:74,3
DA:75,1
DA:76,1
DA:77,1
DA:78,1
DA:79,3
DA:80,2
DA:81,5
DA:82,1
DA:87,1
DA:90,1
DA:91,3
DA:92,2
DA:93,5
DA:94,1
DA:98,0
DA:99,0
DA:105,1
DA:107,1
DA:108,2
DA:109,2
DA:111,2
DA:112,2
LF:38
LH:34
end_of_record
SF:lib\services\contact\contact_service_impl.dart
DA:14,2
DA:17,4
DA:18,2
DA:19,2
DA:20,6
DA:21,2
DA:25,1
DA:27,2
DA:28,5
DA:31,1
DA:35,4
DA:36,1
DA:37,1
DA:38,2
DA:40,3
DA:41,1
DA:42,3
DA:43,1
DA:48,1
DA:50,1
DA:51,3
LF:21
LH:21
end_of_record
SF:lib\services\utils\list_utils_service.dart
DA:2,6
DA:3,6
DA:4,6
DA:5,24
LF:4
LH:4
end_of_record
SF:lib\services\friend_requests\models\friend_request_response.dart
DA:13,2
DA:18,0
DA:22,0
DA:23,0
DA:24,0
DA:28,0
DA:29,0
DA:30,0
DA:31,0
DA:35,1
DA:36,1
DA:37,1
DA:38,2
DA:39,2
DA:42,1
DA:43,2
DA:44,2
DA:50,0
DA:52,0
DA:53,0
DA:55,0
DA:57,0
DA:59,1
DA:63,3
DA:64,3
DA:67,0
DA:68,0
LF:27
LH:12
end_of_record
SF:lib\services\friend_requests\requests_service_impl.dart
DA:13,1
DA:16,2
DA:18,1
DA:21,1
DA:23,2
DA:24,5
DA:25,2
DA:26,1
DA:30,1
DA:32,2
DA:33,2
DA:34,2
DA:35,1
DA:39,1
DA:41,2
DA:42,2
DA:43,2
DA:44,1
DA:48,1
DA:50,3
DA:51,2
DA:53,2
DA:54,1
DA:58,1
DA:60,1
DA:61,3
LF:26
LH:26
end_of_record
SF:lib\lang\app_localizations.dart
DA:6,155
LF:1
LH:1
end_of_record
SF:lib\services\contact\import_phones_service_impl.dart
DA:12,1
DA:15,0
DA:16,1
DA:17,1
DA:19,6
DA:20,3
DA:21,1
DA:23,1
LF:8
LH:7
end_of_record
SF:lib\features\onboarding\controller\onboarding_controller.dart
DA:20,1
DA:24,0
DA:25,0
DA:26,1
DA:30,1
DA:31,2
DA:33,2
DA:34,1
DA:49,1
DA:50,3
DA:53,1
DA:55,7
DA:58,1
DA:60,7
DA:63,1
DA:64,2
DA:68,1
DA:69,3
DA:70,2
DA:71,1
DA:74,1
DA:76,1
DA:79,1
DA:81,2
DA:85,2
DA:86,1
DA:87,2
DA:88,1
DA:94,1
DA:96,4
DA:99,1
DA:101,2
DA:102,2
DA:106,1
DA:108,1
LF:35
LH:33
end_of_record
SF:lib\lang\lang_singleton.dart
DA:8,34
DA:11,33
DA:12,66
DA:16,31
DA:17,31
LF:5
LH:5
end_of_record
SF:lib\navigation\home_nav_state\home_nav_state.dart
DA:25,2
DA:27,2
DA:28,2
LF:3
LH:3
end_of_record
SF:lib\services\common\http_provider\http_provider.dart
DA:24,2
DA:30,1
DA:32,3
DA:33,1
DA:34,2
DA:35,1
DA:36,1
DA:40,1
DA:41,1
DA:43,5
DA:44,3
DA:49,1
DA:53,5
DA:54,2
DA:59,1
DA:65,4
DA:66,2
DA:67,1
DA:69,1
DA:70,2
DA:71,2
DA:72,5
DA:73,2
DA:74,2
DA:78,1
DA:79,5
DA:80,2
DA:82,3
DA:86,1
DA:87,1
DA:88,5
DA:90,3
LF:32
LH:32
end_of_record
SF:lib\services\google_maps_service\address_response\address.dart
DA:11,1
DA:13,1
DA:14,1
DA:16,1
DA:17,1
LF:5
LH:5
end_of_record
SF:lib\services\google_maps_service\address_response\address_component.dart
DA:11,1
DA:13,1
DA:14,1
DA:16,1
DA:17,1
LF:5
LH:5
end_of_record
SF:lib\services\google_maps_service\address_response\address_response.dart
DA:10,1
DA:12,1
DA:13,1
DA:15,1
DA:16,1
DA:19,1
DA:20,2
DA:21,2
DA:22,3
DA:24,3
DA:25,3
DA:28,3
DA:29,3
DA:31,1
LF:14
LH:14
end_of_record
SF:lib\services\google_maps_service\google_maps_service.dart
DA:15,1
DA:18,0
DA:19,1
DA:23,1
DA:24,2
DA:25,2
DA:26,2
DA:28,2
DA:32,1
DA:33,1
DA:35,2
DA:39,1
DA:41,0
DA:42,1
DA:44,1
DA:45,4
DA:47,1
DA:48,2
DA:49,1
DA:50,1
DA:51,1
DA:52,1
DA:54,1
DA:55,1
DA:60,1
DA:61,1
DA:62,1
DA:63,1
DA:65,2
DA:66,3
DA:72,3
DA:74,4
DA:76,2
DA:78,2
DA:79,3
DA:85,1
DA:88,2
DA:89,2
DA:90,4
DA:91,2
DA:93,2
DA:94,1
DA:96,1
LF:43
LH:41
end_of_record
SF:lib\services\location_listener\firestore_model\contact_ref_model.dart
DA:28,1
DA:35,0
DA:36,0
DA:37,0
DA:38,0
DA:39,0
DA:40,0
DA:44,0
DA:45,0
DA:46,0
DA:47,0
DA:48,0
DA:49,0
DA:53,0
DA:55,0
DA:56,0
DA:58,0
DA:62,0
DA:63,0
DA:64,0
DA:65,0
DA:68,0
DA:70,0
DA:71,0
DA:72,0
DA:73,0
LF:26
LH:1
end_of_record
SF:lib\services\share_location\background_location_exception.dart
DA:5,0
LF:1
LH:0
end_of_record
SF:lib\services\share_location\no_location_service_exception.dart
DA:3,0
LF:1
LH:0
end_of_record
SF:lib\services\share_location\rejected_location_exception.dart
DA:4,0
LF:1
LH:0
end_of_record
SF:lib\services\share_location\share_location_service_impl.dart
DA:38,0
DA:39,0
DA:42,0
DA:44,0
DA:46,0
DA:51,0
DA:52,0
DA:53,0
DA:54,0
DA:55,0
DA:56,0
DA:60,0
DA:62,0
DA:63,0
DA:64,0
DA:65,0
DA:66,0
DA:68,0
DA:79,0
DA:83,0
DA:84,0
DA:85,0
DA:88,0
DA:90,0
DA:98,0
DA:101,0
DA:102,0
DA:103,0
DA:104,0
DA:105,0
DA:106,0
DA:107,0
DA:109,0
DA:111,0
DA:112,0
DA:113,0
DA:116,0
DA:117,0
DA:118,0
DA:125,0
DA:126,0
DA:128,0
DA:129,0
DA:130,0
DA:131,0
DA:136,0
DA:140,0
DA:141,0
DA:142,0
DA:145,0
DA:147,0
DA:148,0
DA:150,0
DA:151,0
DA:152,0
DA:153,0
DA:154,0
DA:160,0
DA:162,0
DA:165,0
DA:168,0
DA:170,0
DA:174,0
DA:175,0
DA:176,0
DA:179,0
DA:181,0
DA:183,0
DA:185,0
DA:186,0
DA:192,0
DA:193,0
DA:194,0
DA:195,0
DA:199,0
DA:202,0
DA:203,0
DA:204,0
DA:205,0
DA:206,0
DA:208,0
LF:81
LH:0
end_of_record
SF:lib\common\widgets\buttons\text_icon_button.dart
DA:15,4
DA:20,4
DA:22,4
DA:24,4
DA:25,9
DA:26,4
DA:27,4
DA:30,4
DA:31,4
LF:9
LH:9
end_of_record
SF:lib\domain\event\event.dart
DA:17,1
DA:31,1
DA:44,1
DA:45,1
DA:46,1
DA:47,1
DA:48,1
DA:49,1
DA:50,1
DA:51,1
DA:52,1
DA:53,1
DA:54,1
DA:55,1
DA:59,1
DA:60,1
DA:61,1
DA:62,1
DA:63,1
DA:64,1
DA:65,1
DA:66,1
DA:67,1
DA:68,1
DA:69,1
DA:70,1
DA:71,1
DA:75,1
DA:76,1
DA:77,1
DA:78,1
DA:79,1
DA:80,1
DA:81,1
DA:82,1
DA:83,1
DA:84,1
DA:85,1
DA:86,1
DA:87,1
DA:91,3
DA:93,1
DA:94,2
DA:96,1
DA:98,12
DA:101,1
DA:105,3
DA:106,3
DA:107,3
DA:108,3
DA:109,3
DA:110,3
DA:111,3
DA:112,3
DA:113,3
DA:114,3
DA:115,3
DA:118,1
DA:120,3
DA:121,3
DA:122,3
DA:123,3
DA:124,3
DA:125,3
DA:126,3
DA:127,3
DA:128,3
DA:129,3
DA:130,2
LF:69
LH:69
end_of_record
SF:lib\domain\group\group.dart
DA:22,8
DA:29,1
DA:35,1
DA:36,1
DA:37,1
DA:38,1
DA:39,1
DA:43,4
DA:44,8
DA:47,2
DA:48,2
DA:49,2
DA:50,10
DA:51,2
DA:52,2
DA:56,1
DA:57,1
DA:58,1
DA:59,1
DA:60,2
DA:61,2
DA:64,1
DA:65,1
DA:69,3
DA:71,1
DA:72,2
DA:74,1
DA:76,5
DA:78,6
DA:82,9
DA:83,9
DA:84,9
DA:85,9
DA:88,2
DA:90,22
LF:35
LH:35
end_of_record
SF:lib\domain\notification\notification.dart
DA:23,1
DA:39,1
DA:54,1
DA:55,1
DA:56,1
DA:57,1
DA:58,1
DA:59,1
DA:60,1
DA:61,1
DA:62,1
DA:63,1
DA:64,1
DA:65,1
DA:66,1
DA:67,1
DA:71,1
DA:72,1
DA:73,1
DA:74,1
DA:75,1
DA:76,1
DA:77,1
DA:78,1
DA:79,1
DA:80,1
DA:81,1
DA:82,1
DA:83,1
DA:84,1
DA:85,1
DA:89,1
DA:90,1
DA:91,1
DA:92,1
DA:93,1
DA:94,1
DA:95,1
DA:96,1
DA:97,1
DA:98,1
DA:99,1
DA:100,1
DA:101,1
DA:102,1
DA:103,1
DA:107,3
DA:109,1
DA:110,2
DA:112,1
DA:114,14
DA:117,1
DA:121,3
DA:122,3
DA:123,3
DA:124,3
DA:125,3
DA:126,3
DA:127,3
DA:128,3
DA:129,3
DA:130,3
DA:131,3
DA:132,3
DA:133,3
DA:136,1
DA:138,3
DA:139,3
DA:140,3
DA:141,3
DA:142,3
DA:143,3
DA:144,3
DA:145,3
DA:146,3
DA:147,3
DA:148,3
DA:149,3
DA:150,2
LF:79
LH:79
end_of_record
SF:lib\common\widgets\loading_widget.dart
DA:6,109
DA:8,7
DA:10,7
DA:11,7
LF:4
LH:4
end_of_record
SF:lib\features\authentication\page\loading_page.dart
DA:6,28
DA:8,1
LF:2
LH:2
end_of_record
SF:lib\common\widgets\components\wayat_title.dart
DA:7,65
DA:9,2
DA:11,2
DA:12,8
DA:13,2
DA:14,4
LF:6
LH:6
end_of_record
SF:lib\features\authentication\common\login_title.dart
DA:6,65
DA:8,2
DA:10,2
DA:11,8
DA:12,2
DA:13,4
LF:6
LH:6
end_of_record
SF:lib\features\authentication\page\login_page.dart
DA:10,28
DA:12,1
DA:13,1
DA:21,1
DA:23,1
DA:24,1
DA:25,1
DA:26,1
DA:27,4
DA:28,4
DA:29,1
DA:30,1
DA:32,1
DA:35,1
DA:45,1
DA:46,1
DA:47,1
DA:48,2
DA:50,1
DA:51,1
DA:52,1
DA:53,1
DA:55,1
DA:57,1
DA:59,1
DA:60,1
DA:65,3
LF:27
LH:27
end_of_record
SF:lib\common\widgets\buttons\outlined_button.dart
DA:12,3
DA:14,3
DA:16,3
DA:18,3
DA:19,3
DA:22,3
DA:23,3
DA:25,3
DA:27,3
DA:28,3
DA:29,3
DA:30,3
LF:12
LH:12
end_of_record
SF:lib\features\authentication\page\phone_validation_page.dart
DA:16,1
DA:17,0
DA:18,1
DA:20,1
DA:21,1
DA:36,1
DA:37,1
DA:39,1
DA:41,1
DA:42,0
DA:43,0
DA:46,1
DA:47,1
DA:48,1
DA:49,1
DA:50,4
DA:51,4
DA:52,1
DA:54,1
DA:57,1
DA:58,1
DA:67,1
DA:68,1
DA:70,1
DA:71,1
DA:72,1
DA:73,2
DA:79,3
DA:90,1
DA:91,1
DA:92,1
DA:93,1
DA:94,2
DA:95,1
DA:96,1
DA:97,1
DA:98,1
DA:99,1
DA:109,1
DA:110,1
DA:113,2
DA:114,1
DA:115,2
DA:117,1
DA:118,4
DA:119,0
DA:121,1
DA:122,2
DA:125,0
DA:126,0
DA:127,0
DA:128,0
DA:134,1
DA:135,1
DA:137,1
DA:138,3
DA:139,2
DA:145,0
DA:147,0
DA:149,0
DA:150,0
DA:152,0
DA:153,0
LF:63
LH:49
end_of_record
SF:lib\features\profile\controllers\phone_verification_controller.dart
DA:38,3
DA:40,3
DA:44,1
DA:46,1
DA:47,1
DA:51,2
DA:53,2
DA:61,2
DA:63,4
DA:64,3
DA:65,6
DA:66,3
DA:67,8
DA:68,6
DA:70,2
DA:72,2
DA:77,1
DA:79,1
DA:80,2
DA:81,4
DA:82,3
DA:83,2
DA:88,1
DA:89,2
DA:90,2
DA:91,0
DA:92,0
DA:93,0
DA:95,0
DA:96,0
DA:97,0
LF:31
LH:25
end_of_record
SF:lib\common\widgets\buttons\filled_button.dart
DA:14,4
DA:19,4
DA:21,4
DA:23,4
DA:24,4
DA:28,4
DA:29,4
DA:32,4
DA:33,4
DA:34,4
DA:35,4
DA:36,4
LF:12
LH:12
end_of_record
SF:lib\common\widgets\buttons\text_button.dart
DA:11,2
DA:13,2
DA:15,2
DA:17,2
DA:18,2
DA:22,2
DA:23,2
DA:24,2
DA:25,2
LF:9
LH:9
end_of_record
SF:lib\features\profile\controllers\verify_phone_dialog_controller.dart
DA:5,1
DA:6,2
DA:7,2
DA:8,2
DA:9,2
DA:10,2
DA:11,2
DA:13,2
LF:8
LH:8
end_of_record
SF:lib\features\profile\widgets\pin_input_field.dart
DA:10,2
DA:15,2
DA:17,2
DA:19,2
DA:28,2
DA:30,8
DA:32,4
DA:33,2
DA:36,2
DA:38,4
DA:39,4
DA:41,4
DA:42,0
DA:43,0
DA:47,6
DA:48,2
DA:51,2
DA:53,4
DA:54,4
DA:55,2
DA:58,2
DA:62,2
DA:63,2
DA:64,2
DA:69,2
DA:70,2
DA:71,2
DA:78,2
DA:80,2
DA:81,2
DA:83,2
DA:84,4
DA:85,2
DA:86,2
DA:88,2
DA:89,4
DA:90,4
DA:91,4
DA:92,8
DA:95,2
DA:96,2
DA:97,4
DA:98,2
DA:101,2
DA:103,2
DA:104,4
DA:106,2
DA:107,4
LF:48
LH:46
end_of_record
SF:lib\features\groups\controllers\groups_controller\groups_controller.dart
DA:20,1
DA:21,1
DA:49,1
DA:50,2
DA:51,1
DA:52,2
DA:53,1
DA:59,1
DA:61,2
DA:64,1
DA:65,2
DA:68,1
DA:69,1
DA:72,1
DA:74,1
DA:77,1
DA:79,1
DA:82,1
DA:83,2
LF:19
LH:19
end_of_record
SF:lib\common\widgets\appbar\appbar.dart
DA:8,81
DA:10,6
DA:12,6
DA:21,6
DA:22,12
LF:5
LH:5
end_of_record
SF:lib\common\widgets\basic_contact_tile.dart
DA:9,2
DA:11,1
DA:15,1
DA:17,1
DA:18,1
DA:20,1
DA:22,1
DA:23,1
DA:24,1
DA:25,1
DA:27,1
DA:30,1
DA:32,3
DA:38,1
DA:39,4
DA:40,1
DA:41,2
LF:17
LH:17
end_of_record
SF:lib\common\widgets\buttons\circle_icon_button.dart
DA:14,1
DA:19,1
DA:23,1
DA:25,1
DA:27,1
DA:28,1
DA:29,1
DA:30,1
DA:32,1
DA:33,1
DA:34,1
DA:35,1
DA:37,2
LF:13
LH:13
end_of_record
SF:lib\common\widgets\buttons\custom_outlined_button_icon.dart
DA:14,1
DA:19,1
DA:21,1
DA:23,1
DA:24,1
DA:27,1
DA:28,1
DA:30,1
DA:32,1
DA:33,2
DA:34,1
DA:35,1
DA:36,1
LF:13
LH:13
end_of_record
SF:lib\common\widgets\buttons\custom_text_button.dart
DA:13,2
DA:15,2
DA:17,2
DA:19,2
DA:20,2
DA:21,2
DA:22,2
LF:7
LH:7
end_of_record
SF:lib\common\widgets\buttons\invite_wayat.dart
DA:9,1
DA:10,1
DA:12,1
DA:14,1
DA:15,1
DA:19,1
DA:20,1
DA:22,1
DA:23,1
DA:24,1
DA:26,1
DA:27,1
DA:28,2
LF:13
LH:13
end_of_record
SF:lib\common\widgets\contact_image.dart
DA:17,1
DA:23,1
DA:25,1
DA:27,1
DA:28,1
DA:29,1
DA:30,1
DA:31,2
DA:32,3
LF:9
LH:9
end_of_record
SF:lib\common\widgets\custom_card.dart
DA:12,3
DA:13,3
DA:15,3
DA:17,3
DA:18,3
DA:19,3
DA:22,3
DA:23,3
DA:24,3
DA:30,6
DA:31,3
DA:33,6
LF:12
LH:12
end_of_record
SF:lib\common\widgets\custom_textfield.dart
DA:14,1
DA:19,1
DA:21,1
DA:23,1
DA:26,1
DA:27,1
DA:28,1
DA:33,2
DA:34,1
DA:36,2
DA:42,1
DA:43,1
DA:45,1
DA:46,1
DA:53,1
DA:55,1
LF:16
LH:16
end_of_record
SF:lib\common\widgets\message_card.dart
DA:12,2
DA:14,2
DA:16,2
DA:18,2
DA:22,2
DA:23,2
DA:24,2
DA:26,2
DA:28,2
DA:29,2
LF:10
LH:10
end_of_record
SF:lib\common\widgets\search_bar.dart
DA:15,5
DA:17,5
DA:19,5
DA:21,5
DA:25,5
DA:26,5
DA:27,5
DA:28,5
DA:30,5
DA:31,10
LF:10
LH:10
end_of_record
SF:lib\common\widgets\switch.dart
DA:14,7
DA:15,7
DA:17,7
DA:18,7
DA:22,7
DA:24,7
DA:25,6
DA:26,7
DA:30,7
DA:32,14
DA:35,7
DA:38,14
DA:40,7
DA:42,7
DA:45,7
DA:47,7
LF:16
LH:16
end_of_record
SF:lib\features\authentication\page\login_wrapper.dart
DA:14,0
DA:16,0
DA:18,0
DA:19,0
DA:20,0
DA:21,0
DA:22,0
DA:24,0
DA:25,0
DA:26,0
DA:27,0
DA:29,0
DA:30,0
DA:31,0
DA:33,0
LF:15
LH:0
end_of_record
SF:lib\features\contact_profile\controller\contact_profile_controller.dart
DA:31,0
DA:32,0
DA:33,0
DA:34,0
DA:38,0
DA:39,0
DA:43,2
DA:46,4
DA:47,0
DA:48,0
DA:50,2
DA:51,2
LF:12
LH:4
end_of_record
SF:lib\services\image_service\image_service.dart
DA:13,0
DA:14,0
DA:15,0
DA:16,0
DA:17,0
DA:21,0
DA:22,0
DA:24,0
DA:25,0
DA:27,0
DA:28,0
DA:30,0
DA:31,0
DA:34,0
DA:36,0
DA:37,0
DA:39,0
DA:40,0
DA:41,0
DA:45,5
DA:47,5
DA:48,5
DA:49,0
DA:50,0
LF:24
LH:3
end_of_record
SF:lib\features\contact_profile\page\contact_profile_page.dart
DA:35,2
DA:40,2
DA:41,2
DA:43,2
DA:45,10
DA:46,2
DA:47,2
DA:48,2
DA:49,2
DA:50,7
DA:51,2
DA:54,1
DA:57,2
DA:58,0
DA:59,0
DA:62,2
DA:65,2
DA:66,2
DA:68,2
DA:69,2
DA:70,2
DA:71,2
DA:72,2
DA:73,2
DA:82,2
DA:83,2
DA:85,2
DA:86,2
DA:87,2
DA:88,1
DA:89,3
DA:92,2
DA:93,2
DA:102,2
DA:103,2
DA:105,2
DA:108,2
DA:109,2
DA:110,4
DA:116,4
DA:117,4
DA:118,2
DA:120,0
DA:121,0
DA:133,2
DA:134,2
DA:136,2
DA:139,2
DA:140,2
DA:143,2
DA:145,2
DA:146,6
DA:152,2
DA:153,2
DA:155,2
DA:156,2
DA:157,4
DA:161,4
DA:162,1
DA:163,2
DA:165,2
DA:166,4
DA:178,1
DA:179,1
DA:180,3
DA:184,2
DA:191,2
DA:201,1
DA:202,1
DA:203,1
DA:205,1
DA:209,1
DA:210,2
DA:219,1
DA:220,2
DA:226,1
DA:227,7
DA:235,2
DA:236,2
DA:237,2
DA:238,2
DA:245,2
DA:246,2
DA:251,2
DA:252,2
DA:257,8
DA:258,2
DA:259,2
DA:260,4
DA:268,1
DA:269,1
DA:270,4
DA:272,1
DA:275,1
DA:277,1
DA:278,1
DA:280,1
DA:281,1
DA:282,3
DA:286,1
DA:287,2
LF:101
LH:97
end_of_record
SF:lib\features\contacts\pages\contacts_page\contacts_page.dart
DA:20,2
DA:21,2
DA:22,2
DA:24,2
DA:26,2
DA:27,2
DA:28,2
DA:30,4
DA:31,3
DA:33,2
DA:38,2
DA:39,2
DA:40,2
DA:41,2
DA:42,2
DA:43,2
DA:44,6
DA:46,2
DA:47,6
DA:48,2
DA:49,6
DA:56,2
DA:57,2
DA:59,2
DA:60,2
DA:61,2
DA:62,2
DA:68,2
DA:71,2
DA:72,6
DA:73,6
DA:74,10
DA:82,2
DA:90,2
DA:91,2
LF:35
LH:35
end_of_record
SF:lib\features\contacts\pages\contacts_page\friends_page\friends_page.dart
DA:25,6
DA:27,3
DA:31,3
DA:32,3
DA:34,3
DA:35,3
DA:39,3
DA:46,3
DA:47,3
DA:49,6
DA:50,6
DA:52,3
DA:55,3
DA:56,2
DA:57,1
DA:58,1
DA:59,1
DA:60,1
DA:61,1
DA:63,1
DA:64,0
DA:65,1
DA:66,3
DA:67,2
DA:69,1
DA:70,1
DA:71,1
DA:72,3
DA:85,3
DA:86,3
DA:88,3
DA:90,3
DA:91,6
DA:92,9
DA:93,3
DA:94,9
DA:97,3
DA:98,0
DA:99,0
DA:100,0
DA:101,6
LF:41
LH:37
end_of_record
SF:lib\features\contacts\widgets\contact_tile.dart
DA:19,4
DA:25,4
DA:27,4
DA:29,4
DA:31,4
DA:32,4
DA:33,4
DA:35,4
DA:36,4
DA:38,4
DA:40,4
DA:41,4
DA:42,4
DA:43,4
DA:45,4
DA:48,4
DA:50,12
DA:56,4
DA:57,16
DA:58,4
DA:59,8
DA:67,4
DA:68,4
DA:69,8
DA:70,8
LF:25
LH:25
end_of_record
SF:lib\features\contacts\widgets\contacts_section_title.dart
DA:5,5
DA:8,5
DA:13,5
DA:15,5
DA:16,5
LF:5
LH:5
end_of_record
SF:lib\features\contacts\widgets\navigation_button.dart
DA:11,4
DA:12,4
DA:14,4
DA:16,4
DA:18,4
DA:19,4
DA:21,8
DA:22,8
LF:8
LH:8
end_of_record
SF:lib\features\contacts\pages\contacts_page\requests_page\requests_page.dart
DA:21,6
DA:23,1
DA:25,1
DA:26,1
DA:28,1
DA:29,1
DA:33,1
DA:40,1
DA:41,1
DA:43,2
DA:44,2
DA:45,1
DA:46,3
DA:48,1
DA:51,1
DA:52,2
DA:53,1
DA:54,1
DA:55,1
DA:56,2
DA:60,1
DA:61,3
DA:63,1
DA:64,1
DA:65,3
DA:79,1
DA:80,1
DA:82,1
DA:84,1
DA:85,2
DA:86,3
DA:87,1
DA:88,3
DA:91,1
DA:92,2
DA:93,1
DA:94,1
DA:95,2
LF:38
LH:38
end_of_record
SF:lib\features\contacts\widgets\empty_page_message.dart
DA:8,2
DA:10,1
DA:12,1
DA:14,1
DA:20,1
DA:21,1
DA:22,1
LF:7
LH:7
end_of_record
SF:lib\features\contacts\pages\contacts_page\suggestions_page\suggestions_page.dart
DA:20,6
DA:22,1
DA:26,1
DA:27,1
DA:29,1
DA:30,2
DA:31,4
DA:32,2
DA:33,4
DA:36,1
DA:40,1
DA:47,1
DA:48,1
DA:50,2
DA:51,2
DA:53,1
DA:56,1
DA:57,2
DA:58,1
DA:59,1
DA:60,2
DA:61,2
DA:74,1
DA:75,1
DA:77,1
DA:78,2
LF:26
LH:26
end_of_record
SF:lib\features\contacts\pages\contacts_wrapper.dart
DA:15,8
DA:17,2
DA:19,4
DA:20,4
DA:21,2
DA:22,4
DA:23,2
DA:24,2
DA:25,0
DA:31,0
DA:33,0
DA:34,0
DA:35,0
DA:36,0
DA:37,0
DA:38,0
LF:16
LH:8
end_of_record
SF:lib\features\contacts\pages\sent_requests_page\sent_requests_page.dart
DA:18,2
DA:20,1
DA:22,1
DA:23,0
DA:24,0
DA:25,0
DA:26,0
DA:29,1
DA:30,1
DA:32,1
DA:33,1
DA:37,1
DA:45,1
DA:46,1
DA:48,2
DA:49,2
DA:50,1
DA:53,1
DA:54,2
DA:55,1
DA:56,1
DA:58,1
DA:59,2
DA:64,1
DA:65,1
DA:66,3
DA:80,1
DA:81,1
DA:83,1
DA:84,1
DA:85,1
DA:89,2
DA:90,1
DA:91,1
DA:92,1
DA:93,2
LF:36
LH:32
end_of_record
SF:lib\services\groups\groups_service_impl.dart
DA:21,1
DA:24,2
DA:26,1
DA:27,1
DA:31,1
DA:32,3
DA:33,1
DA:34,2
DA:36,3
DA:37,1
DA:38,1
DA:39,1
DA:40,1
DA:41,2
DA:42,4
DA:43,1
DA:44,1
DA:48,1
DA:50,3
DA:51,1
DA:52,5
DA:55,2
DA:59,3
DA:60,3
DA:62,2
DA:63,2
DA:66,1
DA:68,2
DA:69,3
DA:70,1
DA:71,5
DA:75,3
DA:77,2
DA:78,3
DA:82,1
DA:84,3
LF:36
LH:36
end_of_record
SF:lib\features\groups\controllers\manage_group_controller\manage_group_controller.dart
DA:27,2
DA:28,2
DA:29,1
DA:41,2
DA:42,6
DA:52,2
DA:53,6
DA:65,6
DA:68,2
DA:70,4
DA:71,2
DA:75,2
DA:77,4
DA:78,2
DA:81,1
DA:83,1
DA:95,1
DA:96,3
DA:97,5
DA:98,2
DA:100,0
DA:102,1
DA:103,1
DA:104,3
DA:105,4
DA:107,4
DA:113,2
DA:115,8
DA:119,0
DA:120,0
DA:121,0
DA:122,0
LF:32
LH:27
end_of_record
SF:lib\features\groups\pages\groups_page.dart
DA:19,2
DA:21,1
DA:23,1
DA:24,1
DA:25,0
DA:26,0
DA:27,0
DA:28,0
DA:33,1
DA:34,1
DA:35,1
DA:37,1
DA:38,1
DA:42,1
DA:48,1
DA:49,1
DA:50,2
DA:51,1
DA:52,2
DA:55,1
DA:56,2
DA:57,2
DA:58,1
DA:59,1
DA:61,1
DA:62,2
DA:66,1
DA:68,1
DA:69,1
DA:70,1
DA:73,1
DA:74,1
DA:75,1
DA:76,3
DA:82,0
DA:87,1
DA:88,1
DA:90,1
DA:92,1
DA:93,1
DA:94,1
DA:95,1
DA:99,2
DA:100,1
DA:101,1
DA:102,1
DA:103,2
DA:111,1
DA:112,4
DA:113,2
LF:50
LH:45
end_of_record
SF:lib\features\groups\widgets\group_tile.dart
DA:13,1
DA:14,1
DA:16,1
DA:20,1
DA:21,1
DA:22,1
DA:23,1
DA:24,1
DA:25,1
DA:27,1
DA:29,1
DA:30,1
DA:31,1
DA:32,1
DA:34,1
DA:37,1
DA:39,1
DA:40,3
DA:47,1
DA:48,4
DA:49,1
DA:50,2
DA:58,1
DA:60,1
LF:24
LH:24
end_of_record
SF:lib\features\groups\pages\groups_wrapper.dart
DA:14,0
DA:16,0
DA:18,0
DA:19,0
DA:20,0
DA:21,0
DA:22,0
DA:23,0
DA:24,0
DA:25,0
DA:27,0
DA:28,0
DA:29,0
LF:13
LH:0
end_of_record
SF:lib\features\groups\pages\manage_group_page.dart
DA:21,1
DA:22,0
DA:23,1
DA:25,1
DA:27,1
DA:28,1
DA:29,0
DA:30,0
DA:35,1
DA:36,1
DA:37,1
DA:38,1
DA:39,1
DA:40,1
DA:41,1
DA:42,1
DA:44,1
DA:48,1
DA:49,1
DA:50,1
DA:51,1
DA:64,1
DA:65,1
DA:66,1
DA:67,2
DA:68,1
DA:70,1
DA:71,2
DA:80,1
DA:81,1
DA:83,1
DA:84,1
DA:85,1
DA:86,1
DA:87,1
DA:91,1
DA:92,2
DA:97,1
DA:98,2
DA:99,1
DA:101,2
DA:107,2
DA:108,2
DA:109,1
DA:110,1
DA:111,1
DA:118,1
DA:119,1
DA:121,1
DA:122,1
DA:124,1
DA:126,1
DA:127,1
DA:130,1
DA:131,1
DA:133,2
DA:149,1
DA:150,1
DA:153,2
DA:154,2
DA:155,3
DA:159,1
DA:160,1
DA:163,3
DA:166,1
DA:170,1
DA:181,1
DA:182,1
DA:184,1
DA:185,2
DA:186,2
DA:187,2
DA:193,1
DA:194,1
DA:196,1
DA:197,1
DA:199,1
DA:200,2
DA:204,2
DA:205,2
DA:206,1
DA:207,1
DA:208,2
DA:212,1
DA:215,1
DA:217,1
DA:218,2
DA:220,1
DA:221,1
DA:231,1
DA:232,1
DA:237,1
DA:238,1
DA:239,1
DA:243,1
DA:244,4
DA:245,1
DA:246,1
DA:248,3
DA:254,1
DA:255,2
DA:256,2
DA:257,2
DA:258,1
DA:261,1
DA:262,2
DA:264,2
DA:265,2
DA:266,1
DA:267,1
DA:269,1
DA:270,2
DA:271,3
DA:273,3
DA:284,1
DA:285,1
DA:287,1
DA:289,1
DA:290,1
DA:291,2
DA:294,1
DA:295,2
DA:296,2
DA:302,1
DA:303,2
DA:304,2
DA:305,1
DA:306,1
DA:308,1
DA:311,1
DA:312,1
DA:313,1
DA:315,1
DA:316,1
DA:317,1
DA:318,3
DA:330,1
DA:331,1
DA:332,4
DA:334,2
DA:335,3
DA:338,2
DA:339,1
DA:340,0
DA:341,0
DA:342,0
DA:349,1
DA:350,2
DA:353,1
DA:354,0
DA:355,0
DA:356,0
DA:363,1
DA:364,2
DA:372,1
DA:373,2
DA:374,1
DA:375,1
LF:158
LH:149
end_of_record
SF:lib\features\groups\widgets\create_group_contact_tile.dart
DA:18,1
DA:26,1
DA:28,1
DA:32,1
DA:33,1
DA:34,1
DA:36,1
DA:37,1
DA:39,1
DA:41,1
DA:42,1
DA:43,1
DA:44,1
DA:46,1
DA:49,1
DA:51,1
DA:52,3
DA:59,1
DA:60,4
DA:61,1
DA:62,2
DA:70,1
DA:71,1
DA:72,5
LF:24
LH:24
end_of_record
SF:lib\features\groups\pages\view_group_page.dart
DA:17,3
DA:19,2
DA:21,1
DA:23,1
DA:24,0
DA:25,0
DA:28,1
DA:32,1
DA:33,1
DA:34,1
DA:35,1
DA:36,1
DA:37,1
DA:38,1
DA:42,1
DA:46,1
DA:47,1
DA:48,1
DA:52,1
DA:53,1
DA:54,1
DA:56,1
DA:57,1
DA:60,1
DA:61,2
DA:66,1
DA:69,3
DA:70,2
DA:73,1
DA:74,3
DA:90,1
DA:91,1
DA:93,1
DA:94,1
DA:95,1
DA:96,1
DA:97,3
DA:101,1
DA:102,4
DA:103,1
DA:105,2
DA:114,1
DA:120,1
DA:124,1
DA:127,1
DA:128,1
DA:136,2
DA:137,1
DA:141,3
DA:143,1
DA:147,3
DA:149,1
DA:150,1
DA:151,2
DA:152,1
DA:159,2
DA:160,4
DA:161,2
DA:162,2
DA:168,1
DA:169,1
DA:170,1
DA:171,4
DA:175,1
DA:177,1
DA:179,2
DA:190,1
DA:191,1
DA:194,1
DA:196,3
LF:70
LH:68
end_of_record
SF:lib\features\home\pages\home_page.dart
DA:9,27
DA:11,0
DA:13,4
DA:15,4
DA:16,4
DA:17,4
DA:19,4
DA:21,4
DA:23,4
DA:24,4
DA:26,4
DA:31,4
DA:34,4
DA:39,4
DA:40,4
DA:41,4
LF:16
LH:15
end_of_record
SF:lib\navigation\bottom_navigation_bar\items_bottom_navigation_bar.dart
DA:5,12
DA:6,4
DA:8,8
DA:10,4
DA:12,8
DA:14,4
DA:16,8
LF:7
LH:7
end_of_record
SF:lib\features\home\pages\home_wrapper.dart
DA:13,8
DA:15,4
DA:17,8
DA:18,8
DA:19,4
DA:20,8
DA:23,1
DA:26,2
LF:8
LH:8
end_of_record
SF:lib\features\map\controller\map_controller.dart
DA:21,5
DA:25,5
DA:26,5
DA:60,5
DA:63,5
DA:67,5
DA:68,5
DA:70,5
DA:74,5
DA:75,5
DA:76,22
DA:77,5
DA:78,5
DA:79,2
DA:81,6
DA:82,3
DA:83,2
DA:84,0
DA:86,5
DA:91,5
DA:93,10
DA:94,5
DA:98,5
DA:100,15
DA:104,0
DA:106,0
DA:110,1
DA:112,1
DA:113,1
DA:117,0
DA:118,0
DA:119,0
DA:120,0
DA:122,0
DA:123,0
DA:125,0
DA:129,5
DA:131,11
DA:132,2
DA:133,1
DA:134,2
DA:135,3
DA:136,10
DA:137,0
DA:138,0
DA:139,0
DA:142,15
DA:146,0
DA:147,0
DA:148,0
DA:149,0
LF:51
LH:34
end_of_record
SF:lib\features\map\page\home_map_page.dart
DA:38,5
DA:43,5
DA:44,5
DA:45,5
DA:47,5
DA:49,10
DA:50,15
DA:51,10
DA:52,0
DA:54,5
DA:55,5
DA:56,5
DA:57,10
DA:58,5
DA:59,0
DA:60,0
DA:62,5
DA:63,5
DA:64,5
DA:65,15
DA:74,0
DA:75,0
DA:77,0
DA:78,0
DA:84,5
DA:87,15
DA:88,10
DA:90,5
DA:91,0
DA:92,5
DA:93,0
DA:94,5
DA:95,0
DA:96,5
DA:97,0
DA:103,0
DA:105,0
DA:108,0
DA:109,0
DA:110,0
DA:111,0
DA:112,0
DA:113,0
DA:114,0
DA:118,0
DA:119,0
DA:120,0
DA:121,0
DA:122,0
DA:126,0
DA:129,0
DA:133,0
DA:134,0
DA:135,0
DA:136,0
DA:146,5
DA:147,10
DA:148,5
DA:149,10
DA:150,5
DA:151,5
DA:152,5
DA:154,5
DA:156,10
DA:162,5
DA:163,15
DA:164,15
DA:165,10
DA:166,10
DA:170,5
DA:171,5
DA:172,2
DA:173,1
DA:174,2
DA:177,5
DA:178,1
DA:179,3
DA:181,3
DA:183,5
DA:184,5
DA:188,3
DA:191,1
DA:192,1
DA:195,5
DA:196,10
DA:197,5
DA:198,5
DA:199,1
DA:203,1
DA:206,1
DA:207,1
DA:208,1
DA:209,1
DA:211,1
DA:213,1
DA:215,1
DA:216,1
DA:217,0
DA:218,0
DA:220,1
DA:221,1
DA:224,3
DA:229,1
DA:230,1
DA:243,5
DA:244,5
DA:245,5
DA:249,5
DA:250,5
DA:253,10
DA:254,5
DA:256,5
DA:261,5
DA:265,5
DA:266,5
DA:268,5
DA:270,5
DA:272,5
DA:273,5
DA:277,5
DA:285,5
DA:292,5
DA:293,10
DA:295,15
DA:296,5
DA:299,1
DA:300,2
DA:301,1
DA:304,5
DA:308,5
DA:309,5
DA:319,5
DA:320,5
DA:322,5
DA:323,5
DA:324,10
DA:328,10
DA:329,15
DA:330,5
DA:332,0
DA:333,0
DA:342,0
DA:344,0
DA:346,0
DA:347,0
LF:145
LH:106
end_of_record
SF:lib\features\map\page\platform_map_widget.dart
DA:14,5
DA:17,5
DA:19,5
DA:21,15
LF:4
LH:4
end_of_record
SF:lib\features\map\widgets\contact_map_list_tile.dart
DA:12,2
DA:14,1
DA:16,1
DA:18,1
DA:19,1
DA:20,2
DA:26,1
DA:27,1
DA:29,1
DA:30,1
DA:31,2
DA:38,1
DA:42,1
DA:43,3
DA:44,2
DA:47,1
DA:48,0
DA:49,0
DA:50,0
DA:51,1
DA:52,1
DA:53,2
DA:65,1
DA:66,1
DA:67,3
LF:25
LH:22
end_of_record
SF:lib\features\map\page\map_mobile_widget.dart
DA:14,5
DA:17,5
DA:19,5
DA:21,15
DA:22,15
DA:23,10
DA:24,5
DA:25,0
DA:26,0
DA:29,5
DA:32,5
DA:33,0
DA:34,0
DA:39,0
DA:40,0
DA:42,0
DA:43,0
LF:17
LH:9
end_of_record
SF:lib\features\map\widgets\contact_image.dart
DA:7,1
DA:8,1
DA:10,1
DA:12,1
DA:13,1
DA:15,1
DA:17,1
DA:18,2
LF:8
LH:8
end_of_record
SF:lib\features\map\widgets\suggestions_tile.dart
DA:8,1
DA:9,1
DA:11,1
DA:13,1
DA:14,1
DA:15,1
DA:16,1
DA:17,3
DA:21,1
DA:22,2
LF:10
LH:10
end_of_record
SF:lib\features\onboarding\pages\onboarding_page.dart
DA:12,2
DA:14,1
DA:16,1
DA:17,1
DA:18,2
DA:27,1
DA:29,1
DA:30,3
DA:38,1
DA:39,2
DA:46,1
DA:47,2
DA:53,1
DA:56,1
DA:57,2
DA:58,1
DA:59,2
LF:17
LH:17
end_of_record
SF:lib\features\onboarding\pages\onboarding_wrapper.dart
DA:12,0
DA:14,0
DA:16,0
DA:17,0
DA:18,0
DA:22,0
DA:24,0
DA:25,0
DA:26,0
DA:27,0
LF:10
LH:0
end_of_record
SF:lib\features\onboarding\pages\progress_page.dart
DA:18,2
DA:20,1
DA:22,1
DA:25,1
DA:26,1
DA:27,1
DA:28,1
DA:29,2
DA:30,1
DA:38,1
DA:39,1
DA:41,1
DA:43,1
DA:44,1
DA:46,1
DA:47,1
DA:48,2
DA:50,2
DA:55,2
DA:56,1
DA:58,1
DA:59,0
DA:60,0
DA:62,1
DA:63,2
DA:75,1
DA:76,2
DA:77,1
DA:78,1
DA:79,1
DA:80,6
DA:89,1
DA:90,2
DA:91,1
DA:92,1
DA:93,0
DA:94,0
DA:95,0
DA:96,0
DA:98,0
LF:40
LH:33
end_of_record
SF:lib\features\onboarding\widgets\selected_contacts.dart
DA:12,2
DA:14,1
DA:16,1
DA:17,3
DA:21,1
DA:22,1
DA:23,1
DA:25,1
DA:27,1
DA:28,1
DA:29,1
DA:30,2
DA:32,3
DA:33,1
DA:43,1
DA:44,1
DA:47,1
DA:48,2
DA:49,1
DA:50,2
DA:55,1
DA:56,1
DA:58,1
DA:60,1
DA:61,1
DA:62,4
DA:65,1
DA:68,1
DA:69,2
DA:71,1
DA:73,3
DA:85,1
DA:86,2
DA:87,1
DA:90,3
DA:91,1
DA:92,1
DA:98,1
DA:99,1
DA:102,1
DA:106,5
DA:108,1
DA:109,4
DA:115,1
DA:116,1
DA:118,1
DA:120,1
DA:122,1
DA:123,1
LF:49
LH:49
end_of_record
SF:lib\features\onboarding\widgets\import_contacts\import_contacts_list.dart
DA:16,2
DA:18,1
DA:20,1
DA:21,1
DA:22,1
DA:24,1
DA:26,1
DA:27,1
DA:28,1
DA:32,1
DA:37,1
DA:38,1
DA:40,1
DA:41,2
DA:47,1
DA:48,1
DA:49,2
DA:50,2
DA:51,1
DA:52,1
DA:54,1
DA:55,3
DA:56,4
DA:57,0
DA:63,0
DA:82,1
DA:83,1
DA:86,1
DA:87,2
DA:88,0
DA:89,0
DA:94,1
DA:96,2
DA:97,4
DA:98,1
DA:100,1
DA:101,1
DA:107,1
DA:108,1
DA:109,1
DA:111,1
DA:112,1
DA:113,2
DA:114,1
DA:116,2
DA:117,1
DA:118,1
DA:119,3
DA:120,0
DA:127,1
DA:128,1
DA:133,1
LF:52
LH:47
end_of_record
SF:lib\features\onboarding\widgets\initial_manage_tip.dart
DA:11,4
DA:13,2
DA:15,2
DA:17,2
DA:18,2
DA:19,1
DA:20,1
DA:21,1
DA:24,4
DA:28,2
DA:33,2
DA:34,2
DA:36,2
DA:38,2
DA:39,2
DA:40,8
DA:43,2
DA:46,2
DA:47,4
DA:49,2
DA:51,6
LF:21
LH:21
end_of_record
SF:lib\features\onboarding\widgets\import_contacts\contact_item.dart
DA:8,1
DA:10,1
DA:11,1
LF:3
LH:3
end_of_record
SF:lib\features\onboarding\widgets\import_contacts\contact_tile.dart
DA:10,1
DA:15,1
DA:17,1
DA:19,1
DA:20,1
DA:21,1
DA:22,1
DA:23,0
DA:33,4
DA:34,1
DA:35,2
DA:44,1
DA:46,1
LF:13
LH:12
end_of_record
SF:lib\features\profile\controllers\edit_profile_controller.dart
DA:39,1
DA:41,1
DA:45,1
DA:47,1
DA:51,1
DA:52,2
DA:56,1
DA:58,2
DA:61,4
DA:62,3
DA:66,1
DA:67,0
DA:71,1
DA:72,0
DA:77,0
DA:78,0
DA:79,0
DA:80,0
LF:18
LH:12
end_of_record
SF:lib\features\profile\pages\edit_profile_page\edit_profile_page.dart
DA:20,2
DA:24,2
DA:25,2
DA:26,2
DA:28,2
DA:29,2
DA:37,2
DA:38,2
DA:40,2
DA:42,2
DA:43,0
DA:44,0
DA:47,2
DA:48,0
DA:49,2
DA:50,2
DA:52,2
DA:53,2
DA:54,2
DA:56,2
DA:58,4
DA:59,2
DA:61,2
DA:72,2
DA:73,2
DA:74,2
DA:75,2
DA:76,2
DA:77,2
DA:82,2
DA:83,2
DA:85,2
DA:88,2
DA:89,2
DA:90,2
DA:91,2
DA:96,1
DA:97,3
DA:98,3
DA:101,2
DA:103,2
DA:104,4
DA:105,2
DA:110,2
DA:111,4
DA:112,3
DA:113,4
DA:114,2
DA:115,4
DA:116,2
DA:126,2
DA:127,4
DA:128,2
DA:129,2
DA:130,2
DA:133,2
DA:134,2
DA:135,6
DA:136,0
DA:137,0
DA:139,2
DA:140,8
DA:144,2
DA:152,2
DA:153,2
DA:154,1
DA:155,2
DA:164,4
DA:167,2
DA:168,2
DA:169,2
DA:174,4
DA:175,2
DA:177,6
DA:178,2
DA:180,2
DA:181,2
DA:183,2
DA:190,2
DA:192,4
DA:193,2
DA:194,4
DA:199,2
DA:200,2
DA:201,2
DA:202,2
DA:205,4
DA:206,2
DA:207,4
DA:209,2
DA:210,6
DA:211,8
DA:212,0
DA:214,2
DA:216,4
DA:219,0
DA:220,0
DA:221,0
DA:222,0
DA:223,0
DA:230,1
DA:231,1
DA:232,2
DA:233,5
DA:235,2
DA:236,3
DA:239,2
DA:240,1
DA:241,0
DA:242,0
DA:243,0
DA:250,1
DA:251,2
DA:254,1
DA:255,0
DA:256,0
DA:257,0
DA:264,1
DA:265,2
LF:119
LH:102
end_of_record
SF:lib\features\profile\pages\preferences_page\preferences_page.dart
DA:17,1
DA:18,1
DA:20,1
DA:21,1
DA:26,3
DA:28,1
DA:30,1
DA:31,0
DA:32,0
DA:35,1
DA:36,1
DA:37,1
DA:39,1
DA:44,1
DA:45,1
DA:46,1
DA:49,1
DA:50,1
DA:52,1
DA:53,1
DA:54,1
DA:55,0
DA:57,0
DA:61,1
DA:63,1
DA:64,2
DA:74,1
DA:76,1
DA:77,0
DA:78,0
DA:79,0
DA:82,0
DA:83,0
DA:88,0
DA:89,0
DA:90,0
DA:91,0
DA:96,0
DA:99,1
DA:100,2
DA:113,1
DA:114,1
DA:115,1
DA:117,1
DA:119,1
DA:120,1
DA:121,4
DA:127,1
DA:134,1
DA:135,2
DA:137,2
DA:138,1
DA:139,2
DA:140,1
DA:143,0
DA:144,0
DA:146,0
DA:152,1
DA:153,2
DA:155,1
DA:156,1
DA:160,1
LF:62
LH:45
end_of_record
SF:lib\features\profile\pages\profile_page.dart
DA:16,6
DA:23,3
DA:25,3
DA:26,3
DA:27,3
DA:29,9
DA:37,3
DA:39,6
DA:40,6
DA:41,9
DA:42,3
DA:52,3
DA:55,3
DA:60,3
DA:61,3
DA:63,3
DA:64,6
DA:65,6
DA:66,6
DA:67,3
DA:71,3
DA:72,3
DA:73,6
DA:77,3
DA:93,3
DA:94,3
DA:96,3
DA:97,3
DA:99,9
DA:107,3
DA:109,3
DA:110,6
DA:111,1
DA:112,2
DA:115,3
DA:116,6
DA:117,0
DA:118,0
DA:127,3
DA:128,3
DA:130,3
DA:131,3
DA:133,9
DA:141,3
DA:142,6
DA:143,1
DA:144,2
DA:147,3
DA:148,6
DA:149,0
DA:150,0
DA:152,0
DA:153,0
DA:162,3
DA:163,3
DA:165,3
DA:166,3
DA:168,3
DA:169,6
DA:176,6
DA:177,3
DA:179,3
DA:181,6
DA:182,1
DA:183,2
LF:65
LH:59
end_of_record
SF:lib\features\profile\pages\profile_wraper.dart
DA:12,8
DA:14,2
DA:16,4
DA:17,4
DA:19,4
DA:20,2
DA:21,4
DA:22,2
DA:23,2
DA:24,1
DA:30,1
DA:32,1
DA:33,1
DA:34,0
DA:35,0
DA:36,0
DA:37,0
LF:17
LH:13
end_of_record
SF:lib\features\root\root_wrapper.dart
DA:20,8
DA:22,4
DA:24,8
DA:25,8
DA:26,8
DA:27,4
DA:28,8
DA:30,4
DA:32,0
LF:9
LH:8
end_of_record
SF:lib\services\groups\group_response.dart
DA:8,1
DA:15,1
DA:16,1
DA:17,1
DA:19,5
DA:20,1
DA:21,1
LF:7
LH:7
end_of_record